<?xml version="1.0" encoding="UTF-8"?>
<testsuite xmlns:xsi="http://www.w3.org/2001/XMLSchema-instance" xsi:noNamespaceSchemaLocation="https://maven.apache.org/surefire/maven-surefire-plugin/xsd/surefire-test-report.xsd" name="com.xiao.powermock.PowerMockClassTest" time="0.371" tests="7" errors="0" skipped="0" failures="0">
  <properties>
    <property name="sun.desktop" value="windows"/>
    <property name="awt.toolkit" value="sun.awt.windows.WToolkit"/>
    <property name="file.encoding.pkg" value="sun.io"/>
    <property name="java.specification.version" value="1.8"/>
    <property name="sun.cpu.isalist" value="amd64"/>
    <property name="sun.jnu.encoding" value="GBK"/>
    <property name="java.class.path" value="D:\webdoc\powermockStudy\target\test-classes;D:\webdoc\powermockStudy\target\classes;D:\mvn_repository1\junit\junit\4.11\junit-4.11.jar;D:\mvn_repository1\org\hamcrest\hamcrest-core\1.3\hamcrest-core-1.3.jar;D:\mvn_repository1\org\powermock\powermock-api-mockito\1.7.4\powermock-api-mockito-1.7.4.jar;D:\mvn_repository1\org\powermock\powermock-api-mockito-common\1.7.4\powermock-api-mockito-common-1.7.4.jar;D:\mvn_repository1\org\powermock\powermock-api-support\1.7.4\powermock-api-support-1.7.4.jar;D:\mvn_repository1\org\mockito\mockito-core\1.10.19\mockito-core-1.10.19.jar;D:\mvn_repository1\org\objenesis\objenesis\2.1\objenesis-2.1.jar;D:\mvn_repository1\org\powermock\powermock-module-junit4\1.7.4\powermock-module-junit4-1.7.4.jar;D:\mvn_repository1\org\powermock\powermock-module-junit4-common\1.7.4\powermock-module-junit4-common-1.7.4.jar;D:\mvn_repository1\org\powermock\powermock-reflect\1.7.4\powermock-reflect-1.7.4.jar;D:\mvn_repository1\org\powermock\powermock-core\1.7.4\powermock-core-1.7.4.jar;D:\mvn_repository1\org\javassist\javassist\3.21.0-GA\javassist-3.21.0-GA.jar;"/>
    <property name="java.vm.vendor" value="Oracle Corporation"/>
    <property name="sun.arch.data.model" value="64"/>
    <property name="user.variant" value=""/>
    <property name="java.vendor.url" value="http://java.oracle.com/"/>
    <property name="user.timezone" value="Asia/Shanghai"/>
    <property name="java.vm.specification.version" value="1.8"/>
    <property name="os.name" value="Windows 7"/>
    <property name="user.country" value="CN"/>
    <property name="sun.java.launcher" value="SUN_STANDARD"/>
    <property name="sun.boot.library.path" value="E:\Program Files\Java\jdk1.8.0_91\jre\bin"/>
    <property name="sun.java.command" value="C:\Users\wuhao1\AppData\Local\Temp\surefire2747636234659113479\surefirebooter731951377709359120.jar C:\Users\wuhao1\AppData\Local\Temp\surefire2747636234659113479 2019-06-29T12-51-34_702-jvmRun1 surefire3092643294949479960tmp surefire_05627353086359858042tmp"/>
    <property name="surefire.test.class.path" value="D:\webdoc\powermockStudy\target\test-classes;D:\webdoc\powermockStudy\target\classes;D:\mvn_repository1\junit\junit\4.11\junit-4.11.jar;D:\mvn_repository1\org\hamcrest\hamcrest-core\1.3\hamcrest-core-1.3.jar;D:\mvn_repository1\org\powermock\powermock-api-mockito\1.7.4\powermock-api-mockito-1.7.4.jar;D:\mvn_repository1\org\powermock\powermock-api-mockito-common\1.7.4\powermock-api-mockito-common-1.7.4.jar;D:\mvn_repository1\org\powermock\powermock-api-support\1.7.4\powermock-api-support-1.7.4.jar;D:\mvn_repository1\org\mockito\mockito-core\1.10.19\mockito-core-1.10.19.jar;D:\mvn_repository1\org\objenesis\objenesis\2.1\objenesis-2.1.jar;D:\mvn_repository1\org\powermock\powermock-module-junit4\1.7.4\powermock-module-junit4-1.7.4.jar;D:\mvn_repository1\org\powermock\powermock-module-junit4-common\1.7.4\powermock-module-junit4-common-1.7.4.jar;D:\mvn_repository1\org\powermock\powermock-reflect\1.7.4\powermock-reflect-1.7.4.jar;D:\mvn_repository1\org\powermock\powermock-core\1.7.4\powermock-core-1.7.4.jar;D:\mvn_repository1\org\javassist\javassist\3.21.0-GA\javassist-3.21.0-GA.jar;"/>
    <property name="sun.cpu.endian" value="little"/>
    <property name="user.home" value="C:\Users\wuhao1"/>
    <property name="user.language" value="zh"/>
    <property name="java.specification.vendor" value="Oracle Corporation"/>
    <property name="java.home" value="E:\Program Files\Java\jdk1.8.0_91\jre"/>
    <property name="basedir" value="D:\webdoc\powermockStudy"/>
    <property name="file.separator" value="\"/>
    <property name="line.separator" value="&#10;"/>
    <property name="java.vm.specification.vendor" value="Oracle Corporation"/>
    <property name="java.specification.name" value="Java Platform API Specification"/>
    <property name="java.awt.graphicsenv" value="sun.awt.Win32GraphicsEnvironment"/>
    <property name="surefire.real.class.path" value="C:\Users\wuhao1\AppData\Local\Temp\surefire2747636234659113479\surefirebooter731951377709359120.jar"/>
    <property name="sun.boot.class.path" value="E:\Program Files\Java\jdk1.8.0_91\jre\lib\resources.jar;E:\Program Files\Java\jdk1.8.0_91\jre\lib\rt.jar;E:\Program Files\Java\jdk1.8.0_91\jre\lib\sunrsasign.jar;E:\Program Files\Java\jdk1.8.0_91\jre\lib\jsse.jar;E:\Program Files\Java\jdk1.8.0_91\jre\lib\jce.jar;E:\Program Files\Java\jdk1.8.0_91\jre\lib\charsets.jar;E:\Program Files\Java\jdk1.8.0_91\jre\lib\jfr.jar;E:\Program Files\Java\jdk1.8.0_91\jre\classes"/>
    <property name="user.script" value=""/>
    <property name="sun.management.compiler" value="HotSpot 64-Bit Tiered Compilers"/>
    <property name="java.runtime.version" value="1.8.0_91-b15"/>
    <property name="user.name" value="wuhao1"/>
    <property name="path.separator" value=";"/>
    <property name="os.version" value="6.1"/>
    <property name="java.endorsed.dirs" value="E:\Program Files\Java\jdk1.8.0_91\jre\lib\endorsed"/>
    <property name="java.runtime.name" value="Java(TM) SE Runtime Environment"/>
    <property name="file.encoding" value="GBK"/>
    <property name="java.vm.name" value="Java HotSpot(TM) 64-Bit Server VM"/>
    <property name="localRepository" value="D:\mvn_repository1"/>
    <property name="java.vendor.url.bug" value="http://bugreport.sun.com/bugreport/"/>
    <property name="java.io.tmpdir" value="C:\Users\wuhao1\AppData\Local\Temp\"/>
    <property name="idea.version" value="2018.2"/>
    <property name="java.version" value="1.8.0_91"/>
    <property name="user.dir" value="D:\webdoc\powermockStudy"/>
    <property name="os.arch" value="amd64"/>
    <property name="java.vm.specification.name" value="Java Virtual Machine Specification"/>
    <property name="java.awt.printerjob" value="sun.awt.windows.WPrinterJob"/>
    <property name="sun.os.patch.level" value="Service Pack 1"/>
    <property name="java.library.path" value="E:\Program Files\Java\jdk1.8.0_91\jre\bin;C:\Windows\Sun\Java\bin;C:\Windows\system32;C:\Windows;C:\ProgramData\Oracle\Java\javapath;E:\Program Files (x86)\apache-activemq-5.10-SNAPSHOT\bin\win64;E:\Program Files (x86)\redis_new\64bit;E:\Program Files (x86)\mongodb-win32-x86_64-3.0.6\bin;E:\Program Files\Java\jdk1.8.0_144\bin;C:\Program Files\Broadcom\Broadcom 802.11 Network Adapter\Driver;C:\Program Files (x86)\Common Files\NetSarang;C:\Program Files\Common Files\Microsoft Shared\Windows Live;C:\Program Files (x86)\NVIDIA Corporation\PhysX\Common;C:\Windows\system32;C:\Windows;C:\Windows\System32\Wbem;C:\Windows\System32\WindowsPowerShell\v1.0\;C:\Program Files (x86)\ATI Technologies\ATI.ACE\Core-Static;C:\Program Files (x86)\Autodesk\Backburner\;E:\Program Files (x86)\apache-maven-3.6.1\bin;E:\Program Files (x86)\apache-ant-1.10.5\bin;E:\hadoop-2.6.0/bin;C:\Program Files (x86)\MySQL\MySQL Server 5.1\bin;E:\Program Files (x86)\Bitvise SSH Client;C:\Program Files\Lenovo\Bluetooth Software\;C:\Program Files\Lenovo\Bluetooth Software\syswow64;D:\Program Files\VisualSVN Server\bin;E:\Program Files (x86)\TortoiseSVN\bin;E:\Program Files (x86)\Git\cmd;E:\Program Files\TortoiseGit\bin;."/>
    <property name="java.vm.info" value="mixed mode"/>
    <property name="java.vendor" value="Oracle Corporation"/>
    <property name="java.vm.version" value="25.91-b15"/>
    <property name="java.ext.dirs" value="E:\Program Files\Java\jdk1.8.0_91\jre\lib\ext;C:\Windows\Sun\Java\lib\ext"/>
    <property name="sun.io.unicode.encoding" value="UnicodeLittle"/>
    <property name="java.class.version" value="52.0"/>
  </properties>
  <testcase name="testNew_object" classname="com.xiao.powermock.PowerMockClassTest" time="0.196"/>
  <testcase name="testVoid_static" classname="com.xiao.powermock.PowerMockClassTest" time="0.008"/>
  <testcase name="testFinal_method" classname="com.xiao.powermock.PowerMockClassTest" time="0.002"/>
  <testcase name="testSpy" classname="com.xiao.powermock.PowerMockClassTest" time="0.007"/>
  <testcase name="testStatic_arg" classname="com.xiao.powermock.PowerMockClassTest" time="0.002"/>
  <testcase name="testStatic_method" classname="com.xiao.powermock.PowerMockClassTest" time="0.002"/>
  <testcase name="testPrivate_method" classname="com.xiao.powermock.PowerMockClassTest" time="0.002"/>
</testsuite>